[debug] > Exec(early(addDefaultCommands), None, None)
[debug] > Exec(addDefaultCommands, None, None)
[debug] > Exec(early(initialize), None, None)
[debug] > Exec(initialize, None, None)
[debug] > Exec(boot, None, None)
[debug] > Exec(writeSbtVersion, None, None)
[debug] > Exec(reload, None, None)
[debug] > Exec(sbtStashOnFailure, None, None)
[debug] > Exec(onFailure loadFailed, None, None)
[debug] > Exec(loadp, None, None)
[info] welcome to sbt 1.6.1 (Private Build Java 1.8.0_312)
[debug]       Load.loadUnit: plugins took 186.543061ms
[debug]       Load.loadUnit: defsScala took 0.881804ms
[debug] [Loading] Scanning directory /home/knoldus/.sbt/1.0/plugins
[debug] [Loading] Found non-root projects 
[debug] [Loading] Done in /home/knoldus/.sbt/1.0/plugins, returning: ()
[debug] deducing auto plugins based on known facts Set(Atom(sbt.plugins.CorePlugin)) and clauses Clauses(Clause(Atom(sbt.plugins.JvmPlugin),Set(Atom(sbt.plugins.IvyPlugin)))
[debug] Clause(Atom(sbt.ScriptedPlugin),Set(Atom(sbt.plugins.JvmPlugin)))
[debug] Clause(Atom(sbt.plugins.SbtPlugin),Set(Atom(sbt.ScriptedPlugin)))
[debug] Clause(Atom(sbt.plugins.SemanticdbPlugin),Set(Atom(sbt.plugins.JvmPlugin)))
[debug] Clause(Atom(sbt.plugins.JUnitXmlReportPlugin),Set(Atom(sbt.plugins.JvmPlugin)))
[debug] Clause(Atom(sbt.plugins.MiniDependencyTreePlugin),Set(Atom(sbt.plugins.JvmPlugin)))
[debug] Clause(Atom(sbt.plugins.CorePlugin),Set(Atom(sbt.plugins.IvyPlugin)))
[debug] Clause(Atom(sbt.plugins.IvyPlugin),Set(Atom(sbt.plugins.JvmPlugin)))
[debug] Clause(Atom(sbt.plugins.JvmPlugin),Set(Atom(sbt.plugins.SemanticdbPlugin)))
[debug] Clause(Atom(sbt.plugins.JvmPlugin),Set(Atom(sbt.plugins.JUnitXmlReportPlugin)))
[debug] Clause(Atom(sbt.plugins.CorePlugin),Set(Atom(sbt.plugins.Giter8TemplatePlugin)))
[debug] Clause(Atom(sbt.plugins.JvmPlugin),Set(Atom(sbt.plugins.MiniDependencyTreePlugin))))
[debug]   :: deduced result: Matched(sbt.plugins.CorePlugin,sbt.plugins.Giter8TemplatePlugin,sbt.plugins.IvyPlugin,sbt.plugins.JvmPlugin,sbt.plugins.MiniDependencyTreePlugin,sbt.plugins.JUnitXmlReportPlugin,sbt.plugins.SemanticdbPlugin)
[debug] Plugins.deducer#function took 57.5027 ms
[debug]           Load.resolveProject(global-plugins) took 124.830338ms
[debug]         Load.loadTransitive: finalizeProject(Project(id global-plugins, base: /home/knoldus/.sbt/1.0/plugins, plugins: List(<none>))) took 251.30404ms
[debug] [Loading] Done in /home/knoldus/.sbt/1.0/plugins, returning: (global-plugins)
[debug]       Load.loadUnit: loadedProjectsRaw took 460.181383ms
[debug]       Load.loadUnit: cleanEvalClasses took 0.574066ms
[debug]     Load.loadUnit(file:/home/knoldus/.sbt/1.0/plugins/, ...) took 663.993963ms
[debug]   Load.apply: load took 980.469659ms
[debug]   Load.apply: resolveProjects took 11.273637ms
[debug]   Load.apply: finalTransforms took 104.149781ms
[debug]   Load.apply: config.delegates took 14.133504ms
[debug]   Load.apply: Def.make(settings)... took 996.249488ms
[debug]   Load.apply: structureIndex took 218.280728ms
[debug]   Load.apply: mkStreams took 7.524939ms
[info] loading global plugins from /home/knoldus/.sbt/1.0/plugins
[debug] Running task... Cancel: Signal, check cycles: false, forcegc: true
[debug] Load.defaultLoad until apply took 5229.535181ms
[debug]           Load.loadUnit: plugins took 25.591247ms
[debug]           Load.loadUnit: defsScala took 0.005971ms
[debug] [Loading] Scanning directory /home/knoldus/sbtkupone/KupFunctionsAssignment/project
[debug] [Loading] Found non-root projects 
[debug] [Loading] Done in /home/knoldus/sbtkupone/KupFunctionsAssignment/project, returning: ()
[debug] deducing auto plugins based on known facts Set(Atom(sbt.plugins.CorePlugin)) and clauses Clauses(Clause(Atom(sbt.plugins.JvmPlugin),Set(Atom(sbt.plugins.IvyPlugin)))
[debug] Clause(Atom(sbt.ScriptedPlugin),Set(Atom(sbt.plugins.JvmPlugin)))
[debug] Clause(Atom(sbt.plugins.SbtPlugin),Set(Atom(sbt.ScriptedPlugin)))
[debug] Clause(Atom(sbt.plugins.SemanticdbPlugin),Set(Atom(sbt.plugins.JvmPlugin)))
[debug] Clause(Atom(sbt.plugins.JUnitXmlReportPlugin),Set(Atom(sbt.plugins.JvmPlugin)))
[debug] Clause(Atom(sbt.plugins.MiniDependencyTreePlugin),Set(Atom(sbt.plugins.JvmPlugin)))
[debug] Clause(Atom(sbt.plugins.CorePlugin),Set(Atom(sbt.plugins.IvyPlugin)))
[debug] Clause(Atom(sbt.plugins.IvyPlugin),Set(Atom(sbt.plugins.JvmPlugin)))
[debug] Clause(Atom(sbt.plugins.JvmPlugin),Set(Atom(sbt.plugins.SemanticdbPlugin)))
[debug] Clause(Atom(sbt.plugins.JvmPlugin),Set(Atom(sbt.plugins.JUnitXmlReportPlugin)))
[debug] Clause(Atom(sbt.plugins.CorePlugin),Set(Atom(sbt.plugins.Giter8TemplatePlugin)))
[debug] Clause(Atom(sbt.plugins.JvmPlugin),Set(Atom(sbt.plugins.MiniDependencyTreePlugin))))
[debug]   :: deduced result: Matched(sbt.plugins.CorePlugin,sbt.plugins.Giter8TemplatePlugin,sbt.plugins.IvyPlugin,sbt.plugins.JvmPlugin,sbt.plugins.MiniDependencyTreePlugin,sbt.plugins.JUnitXmlReportPlugin,sbt.plugins.SemanticdbPlugin)
[debug] Plugins.deducer#function took 4.36118 ms
[debug]               Load.resolveProject(kupfunctionsassignment-build) took 1.682326ms
[debug]             Load.loadTransitive: finalizeProject(Project(id kupfunctionsassignment-build, base: /home/knoldus/sbtkupone/KupFunctionsAssignment/project, plugins: List(<none>))) took 7.033226ms
[debug] [Loading] Done in /home/knoldus/sbtkupone/KupFunctionsAssignment/project, returning: (kupfunctionsassignment-build)
[debug]           Load.loadUnit: loadedProjectsRaw took 10.2117ms
[debug]           Load.loadUnit: cleanEvalClasses took 0.017967ms
[debug]         Load.loadUnit(file:/home/knoldus/sbtkupone/KupFunctionsAssignment/project/, ...) took 36.912753ms
[debug]       Load.apply: load took 39.062766ms
[debug]       Load.apply: resolveProjects took 0.27622ms
[debug]       Load.apply: finalTransforms took 14.784767ms
[debug]       Load.apply: config.delegates took 0.666432ms
[debug]       Load.apply: Def.make(settings)... took 134.084325ms
[debug]       Load.apply: structureIndex took 75.920423ms
[debug]       Load.apply: mkStreams took 0.005392ms
[info] loading project definition from /home/knoldus/sbtkupone/KupFunctionsAssignment/project
[debug] Running task... Cancel: Signal, check cycles: false, forcegc: true
[debug]     Load.loadUnit: plugins took 764.091514ms
[debug]     Load.loadUnit: defsScala took 0.003689ms
[debug] [Loading] Scanning directory /home/knoldus/sbtkupone/KupFunctionsAssignment
[debug]       Load.loadUnit: mkEval took 8.475439ms
[debug] [Loading] Found non-root projects 
[debug] [Loading] Done in /home/knoldus/sbtkupone/KupFunctionsAssignment, returning: ()
[debug] deducing auto plugins based on known facts Set(Atom(sbt.plugins.CorePlugin)) and clauses Clauses(Clause(Atom(sbt.plugins.JvmPlugin),Set(Atom(sbt.plugins.IvyPlugin)))
[debug] Clause(Atom(sbt.ScriptedPlugin),Set(Atom(sbt.plugins.JvmPlugin)))
[debug] Clause(Atom(sbt.plugins.SbtPlugin),Set(Atom(sbt.ScriptedPlugin)))
[debug] Clause(Atom(sbt.plugins.SemanticdbPlugin),Set(Atom(sbt.plugins.JvmPlugin)))
[debug] Clause(Atom(sbt.plugins.JUnitXmlReportPlugin),Set(Atom(sbt.plugins.JvmPlugin)))
[debug] Clause(Atom(sbt.plugins.MiniDependencyTreePlugin),Set(Atom(sbt.plugins.JvmPlugin)))
[debug] Clause(Atom(sbt.plugins.CorePlugin),Set(Atom(sbt.plugins.IvyPlugin)))
[debug] Clause(Atom(sbt.plugins.IvyPlugin),Set(Atom(sbt.plugins.JvmPlugin)))
[debug] Clause(Atom(sbt.plugins.JvmPlugin),Set(Atom(sbt.plugins.SemanticdbPlugin)))
[debug] Clause(Atom(sbt.plugins.JvmPlugin),Set(Atom(sbt.plugins.JUnitXmlReportPlugin)))
[debug] Clause(Atom(sbt.plugins.CorePlugin),Set(Atom(sbt.plugins.Giter8TemplatePlugin)))
[debug] Clause(Atom(sbt.plugins.JvmPlugin),Set(Atom(sbt.plugins.MiniDependencyTreePlugin))))
[debug]   :: deduced result: Matched(sbt.plugins.CorePlugin,sbt.plugins.Giter8TemplatePlugin,sbt.plugins.IvyPlugin,sbt.plugins.JvmPlugin,sbt.plugins.MiniDependencyTreePlugin,sbt.plugins.JUnitXmlReportPlugin,sbt.plugins.SemanticdbPlugin)
[debug] Plugins.deducer#function took 3.240415 ms
[info] loading settings for project kupfunctionsassignment from build.sbt ...
[debug]         Load.resolveProject(kupfunctionsassignment) took 4.824186ms
[debug]       Load.loadTransitive: finalizeProject(Project(id kupfunctionsassignment, base: /home/knoldus/sbtkupone/KupFunctionsAssignment, plugins: List(<none>))) took 9.184017ms
[debug] [Loading] Done in /home/knoldus/sbtkupone/KupFunctionsAssignment, returning: (kupfunctionsassignment)
[debug]     Load.loadUnit: loadedProjectsRaw took 3113.379449ms
[debug]     Load.loadUnit: cleanEvalClasses took 7.622188ms
[debug]   Load.loadUnit(file:/home/knoldus/sbtkupone/KupFunctionsAssignment/, ...) took 3886.025644ms
[debug] Load.apply: load took 3887.726699ms
[debug] Load.apply: resolveProjects took 0.170734ms
[debug] Load.apply: finalTransforms took 12.996702ms
[debug] Load.apply: config.delegates took 0.591521ms
[debug] Load.apply: Def.make(settings)... took 698.3717ms
[debug] Load.apply: structureIndex took 45.051296ms
[debug] Load.apply: mkStreams took 0.004034ms
[info] set current project to KupFunctionsAssignment (in build file:/home/knoldus/sbtkupone/KupFunctionsAssignment/)
[debug] > Exec(sbtPopOnFailure, None, None)
[debug] > Exec(resumeFromFailure, None, None)
[debug] > Exec(notifyUsersAboutShell, None, None)
[debug] > Exec(iflast shell, None, None)
[debug] > Exec(shell, None, None)
[info] sbt server started at local:///home/knoldus/.sbt/1.0/server/cc76dfa0d2c674fa79e0/sock
[debug] Writing bsp connection file
[info] started sbt server
